<?xml version="1.0" encoding="UTF-8"?>
<!-- Generated by org.testng.reporters.JUnitReportReporter -->
<testsuite hostname="Flipkarts-MacBook-Pro-117.local" name="org.activejpa.enhancer.DomainClassFileTransformerTest" tests="1" failures="0" timestamp="18 Apr 2013 04:20:55 GMT" time="0.169" errors="0">
  <testcase name="shouldTransform" time="0.169" classname="org.activejpa.enhancer.DomainClassFileTransformerTest"/>
</testsuite> <!-- org.activejpa.enhancer.DomainClassFileTransformerTest -->
