<?xml version="1.0" encoding="UTF-8"?>
<!-- Generated by org.testng.reporters.JUnitReportReporter -->
<testsuite hostname="Flipkarts-MacBook-Pro-117.local" name="org.activejpa.entity.FilterTest" tests="7" failures="0" timestamp="18 Apr 2013 04:20:50 GMT" time="0.022" errors="0">
  <testcase name="shouldAddConditionUsingNameValue" time="0.000" classname="org.activejpa.entity.FilterTest"/>
  <testcase name="shouldAddConditionUsingNameValueOperator" time="0.001" classname="org.activejpa.entity.FilterTest"/>
  <testcase name="shouldSetParameters" time="0.011" classname="org.activejpa.entity.FilterTest"/>
  <testcase name="shouldConstructQuery" time="0.000" classname="org.activejpa.entity.FilterTest"/>
  <testcase name="shouldSetDefaultValuesWhenInitialized" time="0.000" classname="org.activejpa.entity.FilterTest"/>
  <testcase name="shouldAddConditionsInConstructor" time="0.010" classname="org.activejpa.entity.FilterTest"/>
  <testcase name="shouldSetActualValuesWhenInitialized" time="0.000" classname="org.activejpa.entity.FilterTest"/>
</testsuite> <!-- org.activejpa.entity.FilterTest -->
