<?xml version="1.0" encoding="UTF-8"?>
<!-- Generated by org.testng.reporters.JUnitReportReporter -->
<testsuite hostname="Flipkarts-MacBook-Pro-117.local" name="org.activejpa.enhancer.DomainClassEnhancerTest" tests="4" failures="0" timestamp="18 Apr 2013 04:20:55 GMT" time="1.137" errors="0">
  <testcase name="shouldAllowEnhancingForDomainModel" time="0.088" classname="org.activejpa.enhancer.DomainClassEnhancerTest"/>
  <testcase name="shouldNotAllowEnhancingForNonModel" time="0.098" classname="org.activejpa.enhancer.DomainClassEnhancerTest"/>
  <testcase name="shouldNotAllowEnhancingForNonEntity" time="0.050" classname="org.activejpa.enhancer.DomainClassEnhancerTest"/>
  <testcase name="shouldAddMethodsToDomainClass" time="0.901" classname="org.activejpa.enhancer.DomainClassEnhancerTest"/>
</testsuite> <!-- org.activejpa.enhancer.DomainClassEnhancerTest -->
