<?xml version="1.0" encoding="UTF-8"?>
<!-- Generated by org.testng.reporters.JUnitReportReporter -->
<testsuite hostname="Flipkarts-MacBook-Pro-117.local" name="org.activejpa.jpa.JPAConfigTest" tests="6" failures="0" timestamp="18 Apr 2013 04:20:55 GMT" time="0.041" errors="0">
  <testcase name="shouldGetReadOnlyContext" time="0.007" classname="org.activejpa.jpa.JPAConfigTest"/>
  <testcase name="shouldGetSameContextSecondTime" time="0.008" classname="org.activejpa.jpa.JPAConfigTest"/>
  <testcase name="shouldClose" time="0.005" classname="org.activejpa.jpa.JPAConfigTest"/>
  <testcase name="shouldGetReadWriteContext" time="0.007" classname="org.activejpa.jpa.JPAConfigTest"/>
  <testcase name="shouldClearContext" time="0.009" classname="org.activejpa.jpa.JPAConfigTest"/>
  <testcase name="shouldGetContext" time="0.005" classname="org.activejpa.jpa.JPAConfigTest"/>
</testsuite> <!-- org.activejpa.jpa.JPAConfigTest -->
