<?xml version="1.0" encoding="UTF-8"?>
<!-- Generated by org.testng.reporters.JUnitReportReporter -->
<testsuite hostname="Flipkarts-MacBook-Pro-117.local" name="org.activejpa.jpa.JPATest" tests="8" failures="0" timestamp="18 Apr 2013 04:20:55 GMT" time="0.647" errors="0">
  <testcase name="shouldClose" time="0.030" classname="org.activejpa.jpa.JPATest"/>
  <testcase name="shouldAddPersistenceUnitUsingName" time="0.021" classname="org.activejpa.jpa.JPATest"/>
  <testcase name="shouldAddNonDefaultPersistenceUnitUsingName" time="0.024" classname="org.activejpa.jpa.JPATest"/>
  <testcase name="shouldAddPersistenceUnitWithProperties" time="0.177" classname="org.activejpa.jpa.JPATest"/>
  <testcase name="shouldAddDefaultEntityManagerFactory" time="0.058" classname="org.activejpa.jpa.JPATest"/>
  <testcase name="shouldAddDefaultPersistenceUnitWithProperties" time="0.275" classname="org.activejpa.jpa.JPATest"/>
  <testcase name="shouldAddEntityManagerFactory" time="0.023" classname="org.activejpa.jpa.JPATest"/>
  <testcase name="shouldAddDefaultPersistenceUnitUsingName" time="0.039" classname="org.activejpa.jpa.JPATest"/>
</testsuite> <!-- org.activejpa.jpa.JPATest -->
