<?xml version="1.0" encoding="UTF-8"?>
<!-- Generated by org.testng.reporters.JUnitReportReporter -->
<testsuite hostname="Flipkarts-MacBook-Pro-117.local" name="org.activejpa.entity.ConditionTest" tests="19" failures="0" timestamp="18 Apr 2013 04:20:55 GMT" time="0.160" errors="0">
  <testcase name="shouldSetParametersForInQuery" time="0.014" classname="org.activejpa.entity.ConditionTest"/>
  <testcase name="shouldUseEqWhenOperatorNotSpecified" time="0.008" classname="org.activejpa.entity.ConditionTest"/>
  <testcase name="shouldConstructGeQuery" time="0.001" classname="org.activejpa.entity.ConditionTest"/>
  <testcase name="shouldSetParametersForNeQuery" time="0.034" classname="org.activejpa.entity.ConditionTest"/>
  <testcase name="shouldSetParametersForLtQuery" time="0.014" classname="org.activejpa.entity.ConditionTest"/>
  <testcase name="shouldConstructEqQuery" time="0.000" classname="org.activejpa.entity.ConditionTest"/>
  <testcase name="shouldConstructBetweenQuery" time="0.004" classname="org.activejpa.entity.ConditionTest"/>
  <testcase name="shouldSetParametersForEqQuery" time="0.012" classname="org.activejpa.entity.ConditionTest"/>
  <testcase name="shouldConstructLeQuery" time="0.001" classname="org.activejpa.entity.ConditionTest"/>
  <testcase name="shouldSetParametersForGtQuery" time="0.012" classname="org.activejpa.entity.ConditionTest"/>
  <testcase name="shouldConstructLikeQuery" time="0.001" classname="org.activejpa.entity.ConditionTest"/>
  <testcase name="shouldConstructLtQuery" time="0.001" classname="org.activejpa.entity.ConditionTest"/>
  <testcase name="shouldConstructGtQuery" time="0.000" classname="org.activejpa.entity.ConditionTest"/>
  <testcase name="shouldSetParametersForBetweenQuery" time="0.015" classname="org.activejpa.entity.ConditionTest"/>
  <testcase name="shouldConstructInQuery" time="0.003" classname="org.activejpa.entity.ConditionTest"/>
  <testcase name="shouldConstructNeQuery" time="0.001" classname="org.activejpa.entity.ConditionTest"/>
  <testcase name="shouldSetParametersForLeQuery" time="0.014" classname="org.activejpa.entity.ConditionTest"/>
  <testcase name="shouldSetParametersForGeQuery" time="0.013" classname="org.activejpa.entity.ConditionTest"/>
  <testcase name="shouldSetParametersForLikeQuery" time="0.012" classname="org.activejpa.entity.ConditionTest"/>
</testsuite> <!-- org.activejpa.entity.ConditionTest -->
