<?xml version="1.0" encoding="UTF-8"?>
<!-- Generated by org.testng.reporters.JUnitReportReporter -->
<testsuite hostname="Flipkarts-MacBook-Pro-117.local" name="org.activejpa.jpa.JPAContextTest" tests="14" failures="0" timestamp="18 Apr 2013 04:20:54 GMT" time="0.928" errors="0">
  <testcase name="shouldNotRollbackIfTxnIsNotOpen" time="0.032" classname="org.activejpa.jpa.JPAContextTest"/>
  <testcase name="shouldRollbackIfTransactionIsMarkedForRollback" time="0.039" classname="org.activejpa.jpa.JPAContextTest"/>
  <testcase name="shouldNotBeginTransaction" time="0.458" classname="org.activejpa.jpa.JPAContextTest"/>
  <testcase name="shouldNotCommitIfTxnIsNotOpen" time="0.031" classname="org.activejpa.jpa.JPAContextTest"/>
  <testcase name="shouldGetSameEntityManagerSecondTime" time="0.035" classname="org.activejpa.jpa.JPAContextTest"/>
  <testcase name="shouldRollbackIfReadOnlyisSet" time="0.033" classname="org.activejpa.jpa.JPAContextTest"/>
  <testcase name="shouldRollback" time="0.047" classname="org.activejpa.jpa.JPAContextTest"/>
  <testcase name="shouldSayTxnNotOpenOnNullTransaction" time="0.040" classname="org.activejpa.jpa.JPAContextTest"/>
  <testcase name="shouldCommit" time="0.038" classname="org.activejpa.jpa.JPAContextTest"/>
  <testcase name="shouldBeginTransaction" time="0.052" classname="org.activejpa.jpa.JPAContextTest"/>
  <testcase name="shouldSayTxnNotOpenWhenInactive" time="0.028" classname="org.activejpa.jpa.JPAContextTest"/>
  <testcase name="shouldClose" time="0.029" classname="org.activejpa.jpa.JPAContextTest"/>
  <testcase name="shouldGetEntityManager" time="0.037" classname="org.activejpa.jpa.JPAContextTest"/>
  <testcase name="shouldSayTxnOpen" time="0.029" classname="org.activejpa.jpa.JPAContextTest"/>
</testsuite> <!-- org.activejpa.jpa.JPAContextTest -->
