<?xml version="1.0" encoding="UTF-8"?>
<!-- Generated by org.testng.reporters.JUnitReportReporter -->
<testsuite hostname="Flipkarts-MacBook-Pro-117.local" name="org.activejpa.entity.ModelTest" tests="15" failures="0" timestamp="18 Apr 2013 04:20:46 GMT" time="0.684" errors="0">
  <testcase name="shouldDeleteAll" time="0.018" classname="org.activejpa.entity.ModelTest"/>
  <testcase name="shouldSearchByMultipleKeyValues" time="0.006" classname="org.activejpa.entity.ModelTest"/>
  <testcase name="shouldCheckExists" time="0.057" classname="org.activejpa.entity.ModelTest"/>
  <testcase name="shouldSearchByKeyValue" time="0.013" classname="org.activejpa.entity.ModelTest"/>
  <testcase name="shouldDeleteEntity" time="0.007" classname="org.activejpa.entity.ModelTest"/>
  <testcase name="shouldThrowExceptionIfNoMatcheFound" time="0.003" classname="org.activejpa.entity.ModelTest"/>
  <testcase name="shouldMergeWithEntity" time="0.012" classname="org.activejpa.entity.ModelTest"/>
  <testcase name="shouldFindById" time="0.002" classname="org.activejpa.entity.ModelTest"/>
  <testcase name="shouldSearchUsingFilter" time="0.008" classname="org.activejpa.entity.ModelTest"/>
  <testcase name="shouldBeginTransaction" time="0.005" classname="org.activejpa.entity.ModelTest"/>
  <testcase name="shouldSearchAndReturnFirst" time="0.023" classname="org.activejpa.entity.ModelTest"/>
  <testcase name="shouldFindAll" time="0.092" classname="org.activejpa.entity.ModelTest"/>
  <testcase name="shouldCreateModel" time="0.426" classname="org.activejpa.entity.ModelTest"/>
  <testcase name="shouldThrowExceptionIfMoreThanOneMatches" time="0.006" classname="org.activejpa.entity.ModelTest"/>
  <testcase name="shouldSearchAndReturnTheOnlyMatch" time="0.006" classname="org.activejpa.entity.ModelTest"/>
</testsuite> <!-- org.activejpa.entity.ModelTest -->
